CRITICAL - 2022-09-28 11:04:21 --> Undefined variable: _SESSION
#0 C:\laragon\www\ApiTechHousing\app\Controllers\Capacitaciones.php(13): CodeIgniter\Debug\Exceptions->errorHandler(8, 'Undefined varia...', 'C:\\laragon\\www\\...', 13, Array)
#1 C:\laragon\www\ApiTechHousing\system\CodeIgniter.php(825): App\Controllers\Capacitaciones->index()
#2 C:\laragon\www\ApiTechHousing\system\CodeIgniter.php(412): CodeIgniter\CodeIgniter->runController(Object(App\Controllers\Capacitaciones))
#3 C:\laragon\www\ApiTechHousing\system\CodeIgniter.php(320): CodeIgniter\CodeIgniter->handleRequest(NULL, Object(Config\Cache), false)
#4 C:\laragon\www\ApiTechHousing\public\index.php(37): CodeIgniter\CodeIgniter->run()
#5 {main}
CRITICAL - 2022-09-28 11:09:10 --> Cannot use [] for reading
#0 [internal function]: CodeIgniter\Debug\Exceptions->shutdownHandler()
#1 {main}
CRITICAL - 2022-09-28 11:09:22 --> Undefined index: idRol
#0 C:\laragon\www\ApiTechHousing\app\Controllers\Capacitaciones.php(19): CodeIgniter\Debug\Exceptions->errorHandler(8, 'Undefined index...', 'C:\\laragon\\www\\...', 19, Array)
#1 C:\laragon\www\ApiTechHousing\system\CodeIgniter.php(825): App\Controllers\Capacitaciones->index()
#2 C:\laragon\www\ApiTechHousing\system\CodeIgniter.php(412): CodeIgniter\CodeIgniter->runController(Object(App\Controllers\Capacitaciones))
#3 C:\laragon\www\ApiTechHousing\system\CodeIgniter.php(320): CodeIgniter\CodeIgniter->handleRequest(NULL, Object(Config\Cache), false)
#4 C:\laragon\www\ApiTechHousing\public\index.php(37): CodeIgniter\CodeIgniter->run()
#5 {main}
CRITICAL - 2022-09-28 11:37:29 --> Undefined index: idRol
#0 C:\laragon\www\ApiTechHousing\app\Controllers\Capacitaciones.php(12): CodeIgniter\Debug\Exceptions->errorHandler(8, 'Undefined index...', 'C:\\laragon\\www\\...', 12, Array)
#1 C:\laragon\www\ApiTechHousing\system\CodeIgniter.php(825): App\Controllers\Capacitaciones->index()
#2 C:\laragon\www\ApiTechHousing\system\CodeIgniter.php(412): CodeIgniter\CodeIgniter->runController(Object(App\Controllers\Capacitaciones))
#3 C:\laragon\www\ApiTechHousing\system\CodeIgniter.php(320): CodeIgniter\CodeIgniter->handleRequest(NULL, Object(Config\Cache), false)
#4 C:\laragon\www\ApiTechHousing\public\index.php(37): CodeIgniter\CodeIgniter->run()
#5 {main}
CRITICAL - 2022-09-28 11:38:10 --> Undefined index: idRol
#0 C:\laragon\www\ApiTechHousing\app\Controllers\Capacitaciones.php(12): CodeIgniter\Debug\Exceptions->errorHandler(8, 'Undefined index...', 'C:\\laragon\\www\\...', 12, Array)
#1 C:\laragon\www\ApiTechHousing\system\CodeIgniter.php(825): App\Controllers\Capacitaciones->index()
#2 C:\laragon\www\ApiTechHousing\system\CodeIgniter.php(412): CodeIgniter\CodeIgniter->runController(Object(App\Controllers\Capacitaciones))
#3 C:\laragon\www\ApiTechHousing\system\CodeIgniter.php(320): CodeIgniter\CodeIgniter->handleRequest(NULL, Object(Config\Cache), false)
#4 C:\laragon\www\ApiTechHousing\public\index.php(37): CodeIgniter\CodeIgniter->run()
#5 {main}
CRITICAL - 2022-09-28 11:48:01 --> Undefined index: imagenIncriscripcion
#0 C:\laragon\www\ApiTechHousing\app\Controllers\Capacitaciones.php(109): CodeIgniter\Debug\Exceptions->errorHandler(8, 'Undefined index...', 'C:\\laragon\\www\\...', 109, Array)
#1 C:\laragon\www\ApiTechHousing\system\CodeIgniter.php(825): App\Controllers\Capacitaciones->create()
#2 C:\laragon\www\ApiTechHousing\system\CodeIgniter.php(412): CodeIgniter\CodeIgniter->runController(Object(App\Controllers\Capacitaciones))
#3 C:\laragon\www\ApiTechHousing\system\CodeIgniter.php(320): CodeIgniter\CodeIgniter->handleRequest(NULL, Object(Config\Cache), false)
#4 C:\laragon\www\ApiTechHousing\public\index.php(37): CodeIgniter\CodeIgniter->run()
#5 {main}
CRITICAL - 2022-09-28 11:48:55 --> Undefined index: imagenIncriscripcion
#0 C:\laragon\www\ApiTechHousing\app\Controllers\Capacitaciones.php(109): CodeIgniter\Debug\Exceptions->errorHandler(8, 'Undefined index...', 'C:\\laragon\\www\\...', 109, Array)
#1 C:\laragon\www\ApiTechHousing\system\CodeIgniter.php(825): App\Controllers\Capacitaciones->create()
#2 C:\laragon\www\ApiTechHousing\system\CodeIgniter.php(412): CodeIgniter\CodeIgniter->runController(Object(App\Controllers\Capacitaciones))
#3 C:\laragon\www\ApiTechHousing\system\CodeIgniter.php(320): CodeIgniter\CodeIgniter->handleRequest(NULL, Object(Config\Cache), false)
#4 C:\laragon\www\ApiTechHousing\public\index.php(37): CodeIgniter\CodeIgniter->run()
#5 {main}
CRITICAL - 2022-09-28 11:50:04 --> whereIn() expects $values to be of type array or closure
#0 C:\laragon\www\ApiTechHousing\system\Database\BaseBuilder.php(731): CodeIgniter\Database\BaseBuilder->_whereIn('idCapacitacion', NULL, false, 'AND ', NULL)
#1 C:\laragon\www\ApiTechHousing\system\Model.php(728): CodeIgniter\Database\BaseBuilder->whereIn('idCapacitacion', NULL)
#2 C:\laragon\www\ApiTechHousing\app\Controllers\Capacitaciones.php(46): CodeIgniter\Model->__call('whereIn', Array)
#3 C:\laragon\www\ApiTechHousing\system\CodeIgniter.php(825): App\Controllers\Capacitaciones->index()
#4 C:\laragon\www\ApiTechHousing\system\CodeIgniter.php(412): CodeIgniter\CodeIgniter->runController(Object(App\Controllers\Capacitaciones))
#5 C:\laragon\www\ApiTechHousing\system\CodeIgniter.php(320): CodeIgniter\CodeIgniter->handleRequest(NULL, Object(Config\Cache), false)
#6 C:\laragon\www\ApiTechHousing\public\index.php(37): CodeIgniter\CodeIgniter->run()
#7 {main}
CRITICAL - 2022-09-28 11:51:39 --> whereIn() expects $values to be of type array or closure
#0 C:\laragon\www\ApiTechHousing\system\Database\BaseBuilder.php(731): CodeIgniter\Database\BaseBuilder->_whereIn('idUsuario', '7', false, 'AND ', NULL)
#1 C:\laragon\www\ApiTechHousing\system\Model.php(728): CodeIgniter\Database\BaseBuilder->whereIn('idUsuario', '7')
#2 C:\laragon\www\ApiTechHousing\app\Controllers\Capacitaciones.php(50): CodeIgniter\Model->__call('whereIn', Array)
#3 C:\laragon\www\ApiTechHousing\system\CodeIgniter.php(825): App\Controllers\Capacitaciones->index()
#4 C:\laragon\www\ApiTechHousing\system\CodeIgniter.php(412): CodeIgniter\CodeIgniter->runController(Object(App\Controllers\Capacitaciones))
#5 C:\laragon\www\ApiTechHousing\system\CodeIgniter.php(320): CodeIgniter\CodeIgniter->handleRequest(NULL, Object(Config\Cache), false)
#6 C:\laragon\www\ApiTechHousing\public\index.php(37): CodeIgniter\CodeIgniter->run()
#7 {main}
CRITICAL - 2022-09-28 12:41:21 --> Array to string conversion
#0 [internal function]: CodeIgniter\Debug\Exceptions->errorHandler(8, 'Array to string...', 'C:\\laragon\\www\\...', 312, Array)
#1 C:\laragon\www\ApiTechHousing\system\Database\Query.php(312): implode(',', Array)
#2 C:\laragon\www\ApiTechHousing\system\Database\Query.php(293): CodeIgniter\Database\Query->matchNamedBinds('SELECT *\nFROM `...', Array)
#3 C:\laragon\www\ApiTechHousing\system\Database\Query.php(150): CodeIgniter\Database\Query->compileBinds()
#4 C:\laragon\www\ApiTechHousing\system\Database\BaseConnection.php(598): CodeIgniter\Database\Query->getQuery()
#5 C:\laragon\www\ApiTechHousing\system\Database\BaseBuilder.php(1455): CodeIgniter\Database\BaseConnection->query('SELECT *\nFROM `...', Array, false)
#6 C:\laragon\www\ApiTechHousing\system\Model.php(183): CodeIgniter\Database\BaseBuilder->get()
#7 C:\laragon\www\ApiTechHousing\system\BaseModel.php(584): CodeIgniter\Model->doFindAll(0, 0)
#8 C:\laragon\www\ApiTechHousing\app\Controllers\Capacitaciones.php(46): CodeIgniter\BaseModel->findAll()
#9 C:\laragon\www\ApiTechHousing\system\CodeIgniter.php(825): App\Controllers\Capacitaciones->index()
#10 C:\laragon\www\ApiTechHousing\system\CodeIgniter.php(412): CodeIgniter\CodeIgniter->runController(Object(App\Controllers\Capacitaciones))
#11 C:\laragon\www\ApiTechHousing\system\CodeIgniter.php(320): CodeIgniter\CodeIgniter->handleRequest(NULL, Object(Config\Cache), false)
#12 C:\laragon\www\ApiTechHousing\public\index.php(37): CodeIgniter\CodeIgniter->run()
#13 {main}
CRITICAL - 2022-09-28 12:46:37 --> Undefined variable: fechaInicio
#0 C:\laragon\www\ApiTechHousing\app\Controllers\Reportes.php(109): CodeIgniter\Debug\Exceptions->errorHandler(8, 'Undefined varia...', 'C:\\laragon\\www\\...', 109, Array)
#1 C:\laragon\www\ApiTechHousing\system\CodeIgniter.php(825): App\Controllers\Reportes->Reporte()
#2 C:\laragon\www\ApiTechHousing\system\CodeIgniter.php(412): CodeIgniter\CodeIgniter->runController(Object(App\Controllers\Reportes))
#3 C:\laragon\www\ApiTechHousing\system\CodeIgniter.php(320): CodeIgniter\CodeIgniter->handleRequest(NULL, Object(Config\Cache), false)
#4 C:\laragon\www\ApiTechHousing\public\index.php(37): CodeIgniter\CodeIgniter->run()
#5 {main}
CRITICAL - 2022-09-28 12:47:16 --> Undefined variable: fechaInicio
#0 C:\laragon\www\ApiTechHousing\app\Controllers\Reportes.php(109): CodeIgniter\Debug\Exceptions->errorHandler(8, 'Undefined varia...', 'C:\\laragon\\www\\...', 109, Array)
#1 C:\laragon\www\ApiTechHousing\system\CodeIgniter.php(825): App\Controllers\Reportes->Reporte()
#2 C:\laragon\www\ApiTechHousing\system\CodeIgniter.php(412): CodeIgniter\CodeIgniter->runController(Object(App\Controllers\Reportes))
#3 C:\laragon\www\ApiTechHousing\system\CodeIgniter.php(320): CodeIgniter\CodeIgniter->handleRequest(NULL, Object(Config\Cache), false)
#4 C:\laragon\www\ApiTechHousing\public\index.php(37): CodeIgniter\CodeIgniter->run()
#5 {main}
CRITICAL - 2022-09-28 12:49:43 --> Undefined variable: fechaInicio
#0 C:\laragon\www\ApiTechHousing\app\Controllers\Reportes.php(109): CodeIgniter\Debug\Exceptions->errorHandler(8, 'Undefined varia...', 'C:\\laragon\\www\\...', 109, Array)
#1 C:\laragon\www\ApiTechHousing\system\CodeIgniter.php(825): App\Controllers\Reportes->Reporte()
#2 C:\laragon\www\ApiTechHousing\system\CodeIgniter.php(412): CodeIgniter\CodeIgniter->runController(Object(App\Controllers\Reportes))
#3 C:\laragon\www\ApiTechHousing\system\CodeIgniter.php(320): CodeIgniter\CodeIgniter->handleRequest(NULL, Object(Config\Cache), false)
#4 C:\laragon\www\ApiTechHousing\public\index.php(37): CodeIgniter\CodeIgniter->run()
#5 {main}
CRITICAL - 2022-09-28 12:50:27 --> Undefined variable: fechaInicio
#0 C:\laragon\www\ApiTechHousing\app\Controllers\Reportes.php(109): CodeIgniter\Debug\Exceptions->errorHandler(8, 'Undefined varia...', 'C:\\laragon\\www\\...', 109, Array)
#1 C:\laragon\www\ApiTechHousing\system\CodeIgniter.php(825): App\Controllers\Reportes->Reporte()
#2 C:\laragon\www\ApiTechHousing\system\CodeIgniter.php(412): CodeIgniter\CodeIgniter->runController(Object(App\Controllers\Reportes))
#3 C:\laragon\www\ApiTechHousing\system\CodeIgniter.php(320): CodeIgniter\CodeIgniter->handleRequest(NULL, Object(Config\Cache), false)
#4 C:\laragon\www\ApiTechHousing\public\index.php(37): CodeIgniter\CodeIgniter->run()
#5 {main}
