CRITICAL - 2022-09-15 13:53:49 --> required|alpha_space is not a valid rule.
#0 C:\laragon\www\ApiTechHousing\system\Validation\Validation.php(300): CodeIgniter\Validation\Exceptions\ValidationException::forRuleNotFound('required|alpha_...')
#1 C:\laragon\www\ApiTechHousing\system\Validation\Validation.php(157): CodeIgniter\Validation\Validation->processRules('0', '0', NULL, Array, Array)
#2 C:\laragon\www\ApiTechHousing\app\Controllers\BaseController.php(86): CodeIgniter\Validation\Validation->run(Array)
#3 C:\laragon\www\ApiTechHousing\app\Controllers\Auth.php(45): App\Controllers\BaseController->validateRequest(NULL, Array)
#4 C:\laragon\www\ApiTechHousing\system\CodeIgniter.php(825): App\Controllers\Auth->register()
#5 C:\laragon\www\ApiTechHousing\system\CodeIgniter.php(412): CodeIgniter\CodeIgniter->runController(Object(App\Controllers\Auth))
#6 C:\laragon\www\ApiTechHousing\system\CodeIgniter.php(320): CodeIgniter\CodeIgniter->handleRequest(NULL, Object(Config\Cache), false)
#7 C:\laragon\www\ApiTechHousing\public\index.php(37): CodeIgniter\CodeIgniter->run()
#8 {main}
CRITICAL - 2022-09-15 13:54:28 --> Argument 2 passed to App\Controllers\BaseController::validateRequest() must be of the type array, object given, called in C:\laragon\www\ApiTechHousing\app\Controllers\Auth.php on line 46
#0 C:\laragon\www\ApiTechHousing\app\Controllers\Auth.php(46): App\Controllers\BaseController->validateRequest(NULL, Object(CodeIgniter\Validation\Validation))
#1 C:\laragon\www\ApiTechHousing\system\CodeIgniter.php(825): App\Controllers\Auth->register()
#2 C:\laragon\www\ApiTechHousing\system\CodeIgniter.php(412): CodeIgniter\CodeIgniter->runController(Object(App\Controllers\Auth))
#3 C:\laragon\www\ApiTechHousing\system\CodeIgniter.php(320): CodeIgniter\CodeIgniter->handleRequest(NULL, Object(Config\Cache), false)
#4 C:\laragon\www\ApiTechHousing\public\index.php(37): CodeIgniter\CodeIgniter->run()
#5 {main}
CRITICAL - 2022-09-15 13:55:41 --> Call to a member function getErrors() on null
#0 C:\laragon\www\ApiTechHousing\system\CodeIgniter.php(825): App\Controllers\Auth->register()
#1 C:\laragon\www\ApiTechHousing\system\CodeIgniter.php(412): CodeIgniter\CodeIgniter->runController(Object(App\Controllers\Auth))
#2 C:\laragon\www\ApiTechHousing\system\CodeIgniter.php(320): CodeIgniter\CodeIgniter->handleRequest(NULL, Object(Config\Cache), false)
#3 C:\laragon\www\ApiTechHousing\public\index.php(37): CodeIgniter\CodeIgniter->run()
#4 {main}
