CRITICAL - 2022-09-27 14:00:29 --> whereIn() expects $values to be of type array or closure
#0 C:\laragon\www\ApiTechHousing\system\Database\BaseBuilder.php(731): CodeIgniter\Database\BaseBuilder->_whereIn('idEstatus', '340', false, 'AND ', NULL)
#1 C:\laragon\www\ApiTechHousing\system\Model.php(728): CodeIgniter\Database\BaseBuilder->whereIn('idEstatus', '340')
#2 C:\laragon\www\ApiTechHousing\app\Controllers\Reportes.php(20): CodeIgniter\Model->__call('whereIn', Array)
#3 C:\laragon\www\ApiTechHousing\system\CodeIgniter.php(825): App\Controllers\Reportes->Reporte()
#4 C:\laragon\www\ApiTechHousing\system\CodeIgniter.php(412): CodeIgniter\CodeIgniter->runController(Object(App\Controllers\Reportes))
#5 C:\laragon\www\ApiTechHousing\system\CodeIgniter.php(320): CodeIgniter\CodeIgniter->handleRequest(NULL, Object(Config\Cache), false)
#6 C:\laragon\www\ApiTechHousing\public\index.php(37): CodeIgniter\CodeIgniter->run()
#7 {main}
CRITICAL - 2022-09-27 14:11:20 --> Undefined variable: arrayEstatus
#0 C:\laragon\www\ApiTechHousing\app\Controllers\Reportes.php(28): CodeIgniter\Debug\Exceptions->errorHandler(8, 'Undefined varia...', 'C:\\laragon\\www\\...', 28, Array)
#1 C:\laragon\www\ApiTechHousing\system\CodeIgniter.php(825): App\Controllers\Reportes->Reporte()
#2 C:\laragon\www\ApiTechHousing\system\CodeIgniter.php(412): CodeIgniter\CodeIgniter->runController(Object(App\Controllers\Reportes))
#3 C:\laragon\www\ApiTechHousing\system\CodeIgniter.php(320): CodeIgniter\CodeIgniter->handleRequest(NULL, Object(Config\Cache), false)
#4 C:\laragon\www\ApiTechHousing\public\index.php(37): CodeIgniter\CodeIgniter->run()
#5 {main}
CRITICAL - 2022-09-27 14:27:57 --> Undefined index: idEstatus
#0 C:\laragon\www\ApiTechHousing\app\Controllers\Reportes.php(20): CodeIgniter\Debug\Exceptions->errorHandler(8, 'Undefined index...', 'C:\\laragon\\www\\...', 20, Array)
#1 C:\laragon\www\ApiTechHousing\system\CodeIgniter.php(825): App\Controllers\Reportes->Reporte()
#2 C:\laragon\www\ApiTechHousing\system\CodeIgniter.php(412): CodeIgniter\CodeIgniter->runController(Object(App\Controllers\Reportes))
#3 C:\laragon\www\ApiTechHousing\system\CodeIgniter.php(320): CodeIgniter\CodeIgniter->handleRequest(NULL, Object(Config\Cache), false)
#4 C:\laragon\www\ApiTechHousing\public\index.php(37): CodeIgniter\CodeIgniter->run()
#5 {main}
CRITICAL - 2022-09-27 14:28:08 --> Undefined index: idEstatus
#0 C:\laragon\www\ApiTechHousing\app\Controllers\Reportes.php(20): CodeIgniter\Debug\Exceptions->errorHandler(8, 'Undefined index...', 'C:\\laragon\\www\\...', 20, Array)
#1 C:\laragon\www\ApiTechHousing\system\CodeIgniter.php(825): App\Controllers\Reportes->Reporte()
#2 C:\laragon\www\ApiTechHousing\system\CodeIgniter.php(412): CodeIgniter\CodeIgniter->runController(Object(App\Controllers\Reportes))
#3 C:\laragon\www\ApiTechHousing\system\CodeIgniter.php(320): CodeIgniter\CodeIgniter->handleRequest(NULL, Object(Config\Cache), false)
#4 C:\laragon\www\ApiTechHousing\public\index.php(37): CodeIgniter\CodeIgniter->run()
#5 {main}
CRITICAL - 2022-09-27 14:30:17 --> Undefined index: idEstatus
#0 C:\laragon\www\ApiTechHousing\app\Controllers\Reportes.php(20): CodeIgniter\Debug\Exceptions->errorHandler(8, 'Undefined index...', 'C:\\laragon\\www\\...', 20, Array)
#1 C:\laragon\www\ApiTechHousing\system\CodeIgniter.php(825): App\Controllers\Reportes->Reporte()
#2 C:\laragon\www\ApiTechHousing\system\CodeIgniter.php(412): CodeIgniter\CodeIgniter->runController(Object(App\Controllers\Reportes))
#3 C:\laragon\www\ApiTechHousing\system\CodeIgniter.php(320): CodeIgniter\CodeIgniter->handleRequest(NULL, Object(Config\Cache), false)
#4 C:\laragon\www\ApiTechHousing\public\index.php(37): CodeIgniter\CodeIgniter->run()
#5 {main}
CRITICAL - 2022-09-27 14:30:32 --> Undefined index: idEstatus
#0 C:\laragon\www\ApiTechHousing\app\Controllers\Reportes.php(20): CodeIgniter\Debug\Exceptions->errorHandler(8, 'Undefined index...', 'C:\\laragon\\www\\...', 20, Array)
#1 C:\laragon\www\ApiTechHousing\system\CodeIgniter.php(825): App\Controllers\Reportes->Reporte()
#2 C:\laragon\www\ApiTechHousing\system\CodeIgniter.php(412): CodeIgniter\CodeIgniter->runController(Object(App\Controllers\Reportes))
#3 C:\laragon\www\ApiTechHousing\system\CodeIgniter.php(320): CodeIgniter\CodeIgniter->handleRequest(NULL, Object(Config\Cache), false)
#4 C:\laragon\www\ApiTechHousing\public\index.php(37): CodeIgniter\CodeIgniter->run()
#5 {main}
CRITICAL - 2022-09-27 14:32:11 --> Undefined index: idEstatus
#0 C:\laragon\www\ApiTechHousing\app\Controllers\Reportes.php(20): CodeIgniter\Debug\Exceptions->errorHandler(8, 'Undefined index...', 'C:\\laragon\\www\\...', 20, Array)
#1 C:\laragon\www\ApiTechHousing\system\CodeIgniter.php(825): App\Controllers\Reportes->Reporte()
#2 C:\laragon\www\ApiTechHousing\system\CodeIgniter.php(412): CodeIgniter\CodeIgniter->runController(Object(App\Controllers\Reportes))
#3 C:\laragon\www\ApiTechHousing\system\CodeIgniter.php(320): CodeIgniter\CodeIgniter->handleRequest(NULL, Object(Config\Cache), false)
#4 C:\laragon\www\ApiTechHousing\public\index.php(37): CodeIgniter\CodeIgniter->run()
#5 {main}
CRITICAL - 2022-09-27 14:35:27 --> Undefined index: idEstatus
#0 C:\laragon\www\ApiTechHousing\app\Controllers\Reportes.php(20): CodeIgniter\Debug\Exceptions->errorHandler(8, 'Undefined index...', 'C:\\laragon\\www\\...', 20, Array)
#1 C:\laragon\www\ApiTechHousing\system\CodeIgniter.php(825): App\Controllers\Reportes->Reporte()
#2 C:\laragon\www\ApiTechHousing\system\CodeIgniter.php(412): CodeIgniter\CodeIgniter->runController(Object(App\Controllers\Reportes))
#3 C:\laragon\www\ApiTechHousing\system\CodeIgniter.php(320): CodeIgniter\CodeIgniter->handleRequest(NULL, Object(Config\Cache), false)
#4 C:\laragon\www\ApiTechHousing\public\index.php(37): CodeIgniter\CodeIgniter->run()
#5 {main}
CRITICAL - 2022-09-27 14:35:59 --> Undefined variable: buscarEstatus
#0 C:\laragon\www\ApiTechHousing\app\Controllers\Reportes.php(28): CodeIgniter\Debug\Exceptions->errorHandler(8, 'Undefined varia...', 'C:\\laragon\\www\\...', 28, Array)
#1 C:\laragon\www\ApiTechHousing\system\CodeIgniter.php(825): App\Controllers\Reportes->Reporte()
#2 C:\laragon\www\ApiTechHousing\system\CodeIgniter.php(412): CodeIgniter\CodeIgniter->runController(Object(App\Controllers\Reportes))
#3 C:\laragon\www\ApiTechHousing\system\CodeIgniter.php(320): CodeIgniter\CodeIgniter->handleRequest(NULL, Object(Config\Cache), false)
#4 C:\laragon\www\ApiTechHousing\public\index.php(37): CodeIgniter\CodeIgniter->run()
#5 {main}
CRITICAL - 2022-09-27 14:43:00 --> Array to string conversion
#0 [internal function]: CodeIgniter\Debug\Exceptions->errorHandler(8, 'Array to string...', 'C:\\laragon\\www\\...', 312, Array)
#1 C:\laragon\www\ApiTechHousing\system\Database\Query.php(312): implode(',', Array)
#2 C:\laragon\www\ApiTechHousing\system\Database\Query.php(293): CodeIgniter\Database\Query->matchNamedBinds('SELECT *\nFROM `...', Array)
#3 C:\laragon\www\ApiTechHousing\system\Database\Query.php(150): CodeIgniter\Database\Query->compileBinds()
#4 C:\laragon\www\ApiTechHousing\system\Database\BaseConnection.php(598): CodeIgniter\Database\Query->getQuery()
#5 C:\laragon\www\ApiTechHousing\system\Database\BaseBuilder.php(1455): CodeIgniter\Database\BaseConnection->query('SELECT *\nFROM `...', Array, false)
#6 C:\laragon\www\ApiTechHousing\system\Model.php(183): CodeIgniter\Database\BaseBuilder->get()
#7 C:\laragon\www\ApiTechHousing\system\BaseModel.php(584): CodeIgniter\Model->doFindAll(0, 0)
#8 C:\laragon\www\ApiTechHousing\app\Controllers\Reportes.php(41): CodeIgniter\BaseModel->findAll()
#9 C:\laragon\www\ApiTechHousing\system\CodeIgniter.php(825): App\Controllers\Reportes->Reporte()
#10 C:\laragon\www\ApiTechHousing\system\CodeIgniter.php(412): CodeIgniter\CodeIgniter->runController(Object(App\Controllers\Reportes))
#11 C:\laragon\www\ApiTechHousing\system\CodeIgniter.php(320): CodeIgniter\CodeIgniter->handleRequest(NULL, Object(Config\Cache), false)
#12 C:\laragon\www\ApiTechHousing\public\index.php(37): CodeIgniter\CodeIgniter->run()
#13 {main}
CRITICAL - 2022-09-27 14:43:50 --> Array to string conversion
#0 [internal function]: CodeIgniter\Debug\Exceptions->errorHandler(8, 'Array to string...', 'C:\\laragon\\www\\...', 312, Array)
#1 C:\laragon\www\ApiTechHousing\system\Database\Query.php(312): implode(',', Array)
#2 C:\laragon\www\ApiTechHousing\system\Database\Query.php(293): CodeIgniter\Database\Query->matchNamedBinds('SELECT *\nFROM `...', Array)
#3 C:\laragon\www\ApiTechHousing\system\Database\Query.php(150): CodeIgniter\Database\Query->compileBinds()
#4 C:\laragon\www\ApiTechHousing\system\Database\BaseConnection.php(598): CodeIgniter\Database\Query->getQuery()
#5 C:\laragon\www\ApiTechHousing\system\Database\BaseBuilder.php(1455): CodeIgniter\Database\BaseConnection->query('SELECT *\nFROM `...', Array, false)
#6 C:\laragon\www\ApiTechHousing\system\Model.php(183): CodeIgniter\Database\BaseBuilder->get()
#7 C:\laragon\www\ApiTechHousing\system\BaseModel.php(584): CodeIgniter\Model->doFindAll(0, 0)
#8 C:\laragon\www\ApiTechHousing\app\Controllers\Reportes.php(41): CodeIgniter\BaseModel->findAll()
#9 C:\laragon\www\ApiTechHousing\system\CodeIgniter.php(825): App\Controllers\Reportes->Reporte()
#10 C:\laragon\www\ApiTechHousing\system\CodeIgniter.php(412): CodeIgniter\CodeIgniter->runController(Object(App\Controllers\Reportes))
#11 C:\laragon\www\ApiTechHousing\system\CodeIgniter.php(320): CodeIgniter\CodeIgniter->handleRequest(NULL, Object(Config\Cache), false)
#12 C:\laragon\www\ApiTechHousing\public\index.php(37): CodeIgniter\CodeIgniter->run()
#13 {main}
CRITICAL - 2022-09-27 15:31:37 --> Undefined variable: buscarEstatus
#0 C:\laragon\www\ApiTechHousing\app\Controllers\Reportes.php(27): CodeIgniter\Debug\Exceptions->errorHandler(8, 'Undefined varia...', 'C:\\laragon\\www\\...', 27, Array)
#1 C:\laragon\www\ApiTechHousing\system\CodeIgniter.php(825): App\Controllers\Reportes->Reporte()
#2 C:\laragon\www\ApiTechHousing\system\CodeIgniter.php(412): CodeIgniter\CodeIgniter->runController(Object(App\Controllers\Reportes))
#3 C:\laragon\www\ApiTechHousing\system\CodeIgniter.php(320): CodeIgniter\CodeIgniter->handleRequest(NULL, Object(Config\Cache), false)
#4 C:\laragon\www\ApiTechHousing\public\index.php(37): CodeIgniter\CodeIgniter->run()
#5 {main}
CRITICAL - 2022-09-27 15:45:01 --> Undefined index: tipoReporte
#0 C:\laragon\www\ApiTechHousing\app\Controllers\Reportes.php(21): CodeIgniter\Debug\Exceptions->errorHandler(8, 'Undefined index...', 'C:\\laragon\\www\\...', 21, Array)
#1 C:\laragon\www\ApiTechHousing\system\CodeIgniter.php(825): App\Controllers\Reportes->Reporte()
#2 C:\laragon\www\ApiTechHousing\system\CodeIgniter.php(412): CodeIgniter\CodeIgniter->runController(Object(App\Controllers\Reportes))
#3 C:\laragon\www\ApiTechHousing\system\CodeIgniter.php(320): CodeIgniter\CodeIgniter->handleRequest(NULL, Object(Config\Cache), false)
#4 C:\laragon\www\ApiTechHousing\public\index.php(37): CodeIgniter\CodeIgniter->run()
#5 {main}
CRITICAL - 2022-09-27 20:49:34 --> Undefined variable: arrayDepartamento
#0 C:\laragon\www\ApiTechHousing\app\Controllers\Reportes.php(23): CodeIgniter\Debug\Exceptions->errorHandler(8, 'Undefined varia...', 'C:\\laragon\\www\\...', 23, Array)
#1 C:\laragon\www\ApiTechHousing\system\CodeIgniter.php(825): App\Controllers\Reportes->Reporte()
#2 C:\laragon\www\ApiTechHousing\system\CodeIgniter.php(412): CodeIgniter\CodeIgniter->runController(Object(App\Controllers\Reportes))
#3 C:\laragon\www\ApiTechHousing\system\CodeIgniter.php(320): CodeIgniter\CodeIgniter->handleRequest(NULL, Object(Config\Cache), false)
#4 C:\laragon\www\ApiTechHousing\public\index.php(37): CodeIgniter\CodeIgniter->run()
#5 {main}
CRITICAL - 2022-09-27 21:07:22 --> A non well formed numeric value encountered
#0 C:\laragon\www\ApiTechHousing\app\Controllers\Reportes.php(32): CodeIgniter\Debug\Exceptions->errorHandler(8, 'A non well form...', 'C:\\laragon\\www\\...', 32, Array)
#1 C:\laragon\www\ApiTechHousing\system\CodeIgniter.php(825): App\Controllers\Reportes->Reporte()
#2 C:\laragon\www\ApiTechHousing\system\CodeIgniter.php(412): CodeIgniter\CodeIgniter->runController(Object(App\Controllers\Reportes))
#3 C:\laragon\www\ApiTechHousing\system\CodeIgniter.php(320): CodeIgniter\CodeIgniter->handleRequest(NULL, Object(Config\Cache), false)
#4 C:\laragon\www\ApiTechHousing\public\index.php(37): CodeIgniter\CodeIgniter->run()
#5 {main}
CRITICAL - 2022-09-27 21:12:37 --> Undefined variable: fechaInicio
#0 C:\laragon\www\ApiTechHousing\app\Controllers\Reportes.php(40): CodeIgniter\Debug\Exceptions->errorHandler(8, 'Undefined varia...', 'C:\\laragon\\www\\...', 40, Array)
#1 C:\laragon\www\ApiTechHousing\system\CodeIgniter.php(825): App\Controllers\Reportes->Reporte()
#2 C:\laragon\www\ApiTechHousing\system\CodeIgniter.php(412): CodeIgniter\CodeIgniter->runController(Object(App\Controllers\Reportes))
#3 C:\laragon\www\ApiTechHousing\system\CodeIgniter.php(320): CodeIgniter\CodeIgniter->handleRequest(NULL, Object(Config\Cache), false)
#4 C:\laragon\www\ApiTechHousing\public\index.php(37): CodeIgniter\CodeIgniter->run()
#5 {main}
CRITICAL - 2022-09-27 21:39:17 --> Call to undefined function App\Controllers\data()
#0 C:\laragon\www\ApiTechHousing\system\CodeIgniter.php(825): App\Controllers\Reportes->Reporte()
#1 C:\laragon\www\ApiTechHousing\system\CodeIgniter.php(412): CodeIgniter\CodeIgniter->runController(Object(App\Controllers\Reportes))
#2 C:\laragon\www\ApiTechHousing\system\CodeIgniter.php(320): CodeIgniter\CodeIgniter->handleRequest(NULL, Object(Config\Cache), false)
#3 C:\laragon\www\ApiTechHousing\public\index.php(37): CodeIgniter\CodeIgniter->run()
#4 {main}
CRITICAL - 2022-09-27 21:39:36 --> Call to undefined function App\Controllers\data()
#0 C:\laragon\www\ApiTechHousing\system\CodeIgniter.php(825): App\Controllers\Reportes->Reporte()
#1 C:\laragon\www\ApiTechHousing\system\CodeIgniter.php(412): CodeIgniter\CodeIgniter->runController(Object(App\Controllers\Reportes))
#2 C:\laragon\www\ApiTechHousing\system\CodeIgniter.php(320): CodeIgniter\CodeIgniter->handleRequest(NULL, Object(Config\Cache), false)
#3 C:\laragon\www\ApiTechHousing\public\index.php(37): CodeIgniter\CodeIgniter->run()
#4 {main}
CRITICAL - 2022-09-27 21:39:50 --> date() expects parameter 2 to be int, string given
#0 [internal function]: CodeIgniter\Debug\Exceptions->errorHandler(2, 'date() expects ...', 'C:\\laragon\\www\\...', 47, Array)
#1 C:\laragon\www\ApiTechHousing\app\Controllers\Reportes.php(47): date('m-d-Y', 'Aug-28-2022')
#2 C:\laragon\www\ApiTechHousing\system\CodeIgniter.php(825): App\Controllers\Reportes->Reporte()
#3 C:\laragon\www\ApiTechHousing\system\CodeIgniter.php(412): CodeIgniter\CodeIgniter->runController(Object(App\Controllers\Reportes))
#4 C:\laragon\www\ApiTechHousing\system\CodeIgniter.php(320): CodeIgniter\CodeIgniter->handleRequest(NULL, Object(Config\Cache), false)
#5 C:\laragon\www\ApiTechHousing\public\index.php(37): CodeIgniter\CodeIgniter->run()
#6 {main}
CRITICAL - 2022-09-27 21:40:31 --> date() expects parameter 2 to be int, string given
#0 [internal function]: CodeIgniter\Debug\Exceptions->errorHandler(2, 'date() expects ...', 'C:\\laragon\\www\\...', 47, Array)
#1 C:\laragon\www\ApiTechHousing\app\Controllers\Reportes.php(47): date('M-d-Y', 'Aug-28-2022')
#2 C:\laragon\www\ApiTechHousing\system\CodeIgniter.php(825): App\Controllers\Reportes->Reporte()
#3 C:\laragon\www\ApiTechHousing\system\CodeIgniter.php(412): CodeIgniter\CodeIgniter->runController(Object(App\Controllers\Reportes))
#4 C:\laragon\www\ApiTechHousing\system\CodeIgniter.php(320): CodeIgniter\CodeIgniter->handleRequest(NULL, Object(Config\Cache), false)
#5 C:\laragon\www\ApiTechHousing\public\index.php(37): CodeIgniter\CodeIgniter->run()
#6 {main}
CRITICAL - 2022-09-27 23:28:50 --> Call to a member function where() on null
#0 C:\laragon\www\ApiTechHousing\system\CodeIgniter.php(825): App\Controllers\Reportes->Reporte()
#1 C:\laragon\www\ApiTechHousing\system\CodeIgniter.php(412): CodeIgniter\CodeIgniter->runController(Object(App\Controllers\Reportes))
#2 C:\laragon\www\ApiTechHousing\system\CodeIgniter.php(320): CodeIgniter\CodeIgniter->handleRequest(NULL, Object(Config\Cache), false)
#3 C:\laragon\www\ApiTechHousing\public\index.php(37): CodeIgniter\CodeIgniter->run()
#4 {main}
CRITICAL - 2022-09-27 23:31:17 --> Call to a member function where() on null
#0 C:\laragon\www\ApiTechHousing\system\CodeIgniter.php(825): App\Controllers\Reportes->Reporte()
#1 C:\laragon\www\ApiTechHousing\system\CodeIgniter.php(412): CodeIgniter\CodeIgniter->runController(Object(App\Controllers\Reportes))
#2 C:\laragon\www\ApiTechHousing\system\CodeIgniter.php(320): CodeIgniter\CodeIgniter->handleRequest(NULL, Object(Config\Cache), false)
#3 C:\laragon\www\ApiTechHousing\public\index.php(37): CodeIgniter\CodeIgniter->run()
#4 {main}
CRITICAL - 2022-09-27 23:31:29 --> Call to a member function where() on null
#0 C:\laragon\www\ApiTechHousing\system\CodeIgniter.php(825): App\Controllers\Reportes->Reporte()
#1 C:\laragon\www\ApiTechHousing\system\CodeIgniter.php(412): CodeIgniter\CodeIgniter->runController(Object(App\Controllers\Reportes))
#2 C:\laragon\www\ApiTechHousing\system\CodeIgniter.php(320): CodeIgniter\CodeIgniter->handleRequest(NULL, Object(Config\Cache), false)
#3 C:\laragon\www\ApiTechHousing\public\index.php(37): CodeIgniter\CodeIgniter->run()
#4 {main}
CRITICAL - 2022-09-27 23:32:01 --> Call to a member function where() on null
#0 C:\laragon\www\ApiTechHousing\system\CodeIgniter.php(825): App\Controllers\Reportes->Reporte()
#1 C:\laragon\www\ApiTechHousing\system\CodeIgniter.php(412): CodeIgniter\CodeIgniter->runController(Object(App\Controllers\Reportes))
#2 C:\laragon\www\ApiTechHousing\system\CodeIgniter.php(320): CodeIgniter\CodeIgniter->handleRequest(NULL, Object(Config\Cache), false)
#3 C:\laragon\www\ApiTechHousing\public\index.php(37): CodeIgniter\CodeIgniter->run()
#4 {main}
CRITICAL - 2022-09-27 23:32:30 --> whereIn() expects $values to be of type array or closure
#0 C:\laragon\www\ApiTechHousing\system\Database\BaseBuilder.php(731): CodeIgniter\Database\BaseBuilder->_whereIn('idUsuario', NULL, false, 'AND ', NULL)
#1 C:\laragon\www\ApiTechHousing\system\Model.php(728): CodeIgniter\Database\BaseBuilder->whereIn('idUsuario', NULL)
#2 C:\laragon\www\ApiTechHousing\app\Controllers\Reportes.php(83): CodeIgniter\Model->__call('whereIn', Array)
#3 C:\laragon\www\ApiTechHousing\system\CodeIgniter.php(825): App\Controllers\Reportes->Reporte()
#4 C:\laragon\www\ApiTechHousing\system\CodeIgniter.php(412): CodeIgniter\CodeIgniter->runController(Object(App\Controllers\Reportes))
#5 C:\laragon\www\ApiTechHousing\system\CodeIgniter.php(320): CodeIgniter\CodeIgniter->handleRequest(NULL, Object(Config\Cache), false)
#6 C:\laragon\www\ApiTechHousing\public\index.php(37): CodeIgniter\CodeIgniter->run()
#7 {main}
