CRITICAL - 2022-08-19 15:44:37 --> opendir(C:/laragon/www/proyect_airbnb/publicimg): El sistema no puede encontrar el archivo especificado. (code: 2)
#0 [internal function]: CodeIgniter\Debug\Exceptions->errorHandler(2, 'opendir(C:/lara...', 'C:\\laragon\\www\\...', 37, Array)
#1 C:\laragon\www\prueba\app\Controllers\Client.php(37): opendir('C:/laragon/www/...')
#2 C:\laragon\www\prueba\system\CodeIgniter.php(825): App\Controllers\Client->imagenes('img', 'publicaciones', '5', '71')
#3 C:\laragon\www\prueba\system\CodeIgniter.php(412): CodeIgniter\CodeIgniter->runController(Object(App\Controllers\Client))
#4 C:\laragon\www\prueba\system\CodeIgniter.php(320): CodeIgniter\CodeIgniter->handleRequest(NULL, Object(Config\Cache), false)
#5 C:\laragon\www\prueba\public\index.php(37): CodeIgniter\CodeIgniter->run()
#6 {main}
CRITICAL - 2022-08-19 15:45:12 --> opendir(C:/laragon/www/proyect_airbnb/publicimg): El sistema no puede encontrar el archivo especificado. (code: 2)
#0 [internal function]: CodeIgniter\Debug\Exceptions->errorHandler(2, 'opendir(C:/lara...', 'C:\\laragon\\www\\...', 37, Array)
#1 C:\laragon\www\prueba\app\Controllers\Client.php(37): opendir('C:/laragon/www/...')
#2 C:\laragon\www\prueba\system\CodeIgniter.php(825): App\Controllers\Client->imagenes('img', 'publicaciones', '5', '71')
#3 C:\laragon\www\prueba\system\CodeIgniter.php(412): CodeIgniter\CodeIgniter->runController(Object(App\Controllers\Client))
#4 C:\laragon\www\prueba\system\CodeIgniter.php(320): CodeIgniter\CodeIgniter->handleRequest(NULL, Object(Config\Cache), false)
#5 C:\laragon\www\prueba\public\index.php(37): CodeIgniter\CodeIgniter->run()
#6 {main}
CRITICAL - 2022-08-19 20:53:30 --> Use of undefined constant length - assumed 'length' (this will throw an Error in a future version of PHP)
#0 C:\laragon\www\prueba\app\Controllers\Client.php(57): CodeIgniter\Debug\Exceptions->errorHandler(2, 'Use of undefine...', 'C:\\laragon\\www\\...', 57, Array)
#1 C:\laragon\www\prueba\system\CodeIgniter.php(825): App\Controllers\Client->servicios()
#2 C:\laragon\www\prueba\system\CodeIgniter.php(412): CodeIgniter\CodeIgniter->runController(Object(App\Controllers\Client))
#3 C:\laragon\www\prueba\system\CodeIgniter.php(320): CodeIgniter\CodeIgniter->handleRequest(NULL, Object(Config\Cache), false)
#4 C:\laragon\www\prueba\public\index.php(37): CodeIgniter\CodeIgniter->run()
#5 {main}
CRITICAL - 2022-08-19 21:00:58 --> Undefined offset: 0
#0 C:\laragon\www\prueba\app\Controllers\Client.php(62): CodeIgniter\Debug\Exceptions->errorHandler(8, 'Undefined offse...', 'C:\\laragon\\www\\...', 62, Array)
#1 C:\laragon\www\prueba\system\CodeIgniter.php(825): App\Controllers\Client->servicios()
#2 C:\laragon\www\prueba\system\CodeIgniter.php(412): CodeIgniter\CodeIgniter->runController(Object(App\Controllers\Client))
#3 C:\laragon\www\prueba\system\CodeIgniter.php(320): CodeIgniter\CodeIgniter->handleRequest(NULL, Object(Config\Cache), false)
#4 C:\laragon\www\prueba\public\index.php(37): CodeIgniter\CodeIgniter->run()
#5 {main}
CRITICAL - 2022-08-19 21:01:20 --> Undefined offset: 1
#0 C:\laragon\www\prueba\app\Controllers\Client.php(62): CodeIgniter\Debug\Exceptions->errorHandler(8, 'Undefined offse...', 'C:\\laragon\\www\\...', 62, Array)
#1 C:\laragon\www\prueba\system\CodeIgniter.php(825): App\Controllers\Client->servicios()
#2 C:\laragon\www\prueba\system\CodeIgniter.php(412): CodeIgniter\CodeIgniter->runController(Object(App\Controllers\Client))
#3 C:\laragon\www\prueba\system\CodeIgniter.php(320): CodeIgniter\CodeIgniter->handleRequest(NULL, Object(Config\Cache), false)
#4 C:\laragon\www\prueba\public\index.php(37): CodeIgniter\CodeIgniter->run()
#5 {main}
CRITICAL - 2022-08-19 21:03:20 --> Undefined offset: 0
#0 C:\laragon\www\prueba\app\Controllers\Client.php(62): CodeIgniter\Debug\Exceptions->errorHandler(8, 'Undefined offse...', 'C:\\laragon\\www\\...', 62, Array)
#1 C:\laragon\www\prueba\system\CodeIgniter.php(825): App\Controllers\Client->servicios()
#2 C:\laragon\www\prueba\system\CodeIgniter.php(412): CodeIgniter\CodeIgniter->runController(Object(App\Controllers\Client))
#3 C:\laragon\www\prueba\system\CodeIgniter.php(320): CodeIgniter\CodeIgniter->handleRequest(NULL, Object(Config\Cache), false)
#4 C:\laragon\www\prueba\public\index.php(37): CodeIgniter\CodeIgniter->run()
#5 {main}
CRITICAL - 2022-08-19 21:05:22 --> Undefined offset: 0
#0 C:\laragon\www\prueba\app\Controllers\Client.php(66): CodeIgniter\Debug\Exceptions->errorHandler(8, 'Undefined offse...', 'C:\\laragon\\www\\...', 66, Array)
#1 C:\laragon\www\prueba\system\CodeIgniter.php(825): App\Controllers\Client->servicios()
#2 C:\laragon\www\prueba\system\CodeIgniter.php(412): CodeIgniter\CodeIgniter->runController(Object(App\Controllers\Client))
#3 C:\laragon\www\prueba\system\CodeIgniter.php(320): CodeIgniter\CodeIgniter->handleRequest(NULL, Object(Config\Cache), false)
#4 C:\laragon\www\prueba\public\index.php(37): CodeIgniter\CodeIgniter->run()
#5 {main}
CRITICAL - 2022-08-19 21:06:40 --> Undefined offset: 0
#0 C:\laragon\www\prueba\app\Controllers\Client.php(66): CodeIgniter\Debug\Exceptions->errorHandler(8, 'Undefined offse...', 'C:\\laragon\\www\\...', 66, Array)
#1 C:\laragon\www\prueba\system\CodeIgniter.php(825): App\Controllers\Client->servicios()
#2 C:\laragon\www\prueba\system\CodeIgniter.php(412): CodeIgniter\CodeIgniter->runController(Object(App\Controllers\Client))
#3 C:\laragon\www\prueba\system\CodeIgniter.php(320): CodeIgniter\CodeIgniter->handleRequest(NULL, Object(Config\Cache), false)
#4 C:\laragon\www\prueba\public\index.php(37): CodeIgniter\CodeIgniter->run()
#5 {main}
CRITICAL - 2022-08-19 21:07:06 --> Undefined offset: 1
#0 C:\laragon\www\prueba\app\Controllers\Client.php(66): CodeIgniter\Debug\Exceptions->errorHandler(8, 'Undefined offse...', 'C:\\laragon\\www\\...', 66, Array)
#1 C:\laragon\www\prueba\system\CodeIgniter.php(825): App\Controllers\Client->servicios()
#2 C:\laragon\www\prueba\system\CodeIgniter.php(412): CodeIgniter\CodeIgniter->runController(Object(App\Controllers\Client))
#3 C:\laragon\www\prueba\system\CodeIgniter.php(320): CodeIgniter\CodeIgniter->handleRequest(NULL, Object(Config\Cache), false)
#4 C:\laragon\www\prueba\public\index.php(37): CodeIgniter\CodeIgniter->run()
#5 {main}
CRITICAL - 2022-08-19 21:12:14 --> array_push() expects parameter 1 to be array, null given
#0 [internal function]: CodeIgniter\Debug\Exceptions->errorHandler(2, 'array_push() ex...', 'C:\\laragon\\www\\...', 63, Array)
#1 C:\laragon\www\prueba\app\Controllers\Client.php(63): array_push(NULL, '../assets/img/p...')
#2 C:\laragon\www\prueba\system\CodeIgniter.php(825): App\Controllers\Client->servicios()
#3 C:\laragon\www\prueba\system\CodeIgniter.php(412): CodeIgniter\CodeIgniter->runController(Object(App\Controllers\Client))
#4 C:\laragon\www\prueba\system\CodeIgniter.php(320): CodeIgniter\CodeIgniter->handleRequest(NULL, Object(Config\Cache), false)
#5 C:\laragon\www\prueba\public\index.php(37): CodeIgniter\CodeIgniter->run()
#6 {main}
CRITICAL - 2022-08-19 21:19:20 --> Undefined offset: 2
#0 C:\laragon\www\prueba\app\Controllers\Client.php(66): CodeIgniter\Debug\Exceptions->errorHandler(8, 'Undefined offse...', 'C:\\laragon\\www\\...', 66, Array)
#1 C:\laragon\www\prueba\system\CodeIgniter.php(825): App\Controllers\Client->servicios()
#2 C:\laragon\www\prueba\system\CodeIgniter.php(412): CodeIgniter\CodeIgniter->runController(Object(App\Controllers\Client))
#3 C:\laragon\www\prueba\system\CodeIgniter.php(320): CodeIgniter\CodeIgniter->handleRequest(NULL, Object(Config\Cache), false)
#4 C:\laragon\www\prueba\public\index.php(37): CodeIgniter\CodeIgniter->run()
#5 {main}
CRITICAL - 2022-08-19 21:19:39 --> Undefined offset: 2
#0 C:\laragon\www\prueba\app\Controllers\Client.php(66): CodeIgniter\Debug\Exceptions->errorHandler(8, 'Undefined offse...', 'C:\\laragon\\www\\...', 66, Array)
#1 C:\laragon\www\prueba\system\CodeIgniter.php(825): App\Controllers\Client->servicios()
#2 C:\laragon\www\prueba\system\CodeIgniter.php(412): CodeIgniter\CodeIgniter->runController(Object(App\Controllers\Client))
#3 C:\laragon\www\prueba\system\CodeIgniter.php(320): CodeIgniter\CodeIgniter->handleRequest(NULL, Object(Config\Cache), false)
#4 C:\laragon\www\prueba\public\index.php(37): CodeIgniter\CodeIgniter->run()
#5 {main}
CRITICAL - 2022-08-19 21:20:32 --> Undefined offset: 0
#0 C:\laragon\www\prueba\app\Controllers\Client.php(66): CodeIgniter\Debug\Exceptions->errorHandler(8, 'Undefined offse...', 'C:\\laragon\\www\\...', 66, Array)
#1 C:\laragon\www\prueba\system\CodeIgniter.php(825): App\Controllers\Client->servicios()
#2 C:\laragon\www\prueba\system\CodeIgniter.php(412): CodeIgniter\CodeIgniter->runController(Object(App\Controllers\Client))
#3 C:\laragon\www\prueba\system\CodeIgniter.php(320): CodeIgniter\CodeIgniter->handleRequest(NULL, Object(Config\Cache), false)
#4 C:\laragon\www\prueba\public\index.php(37): CodeIgniter\CodeIgniter->run()
#5 {main}
CRITICAL - 2022-08-19 21:47:27 --> Call to a member function setAgregar() on array
#0 C:\laragon\www\prueba\system\CodeIgniter.php(825): App\Controllers\Client->servicios()
#1 C:\laragon\www\prueba\system\CodeIgniter.php(412): CodeIgniter\CodeIgniter->runController(Object(App\Controllers\Client))
#2 C:\laragon\www\prueba\system\CodeIgniter.php(320): CodeIgniter\CodeIgniter->handleRequest(NULL, Object(Config\Cache), false)
#3 C:\laragon\www\prueba\public\index.php(37): CodeIgniter\CodeIgniter->run()
#4 {main}
